warning: The `tool.uv.dev-dependencies` field (used in `pyproject.toml`) is deprecated and will be removed in a future release; use `dependency-groups.dev` instead
warning: `VIRTUAL_ENV=/Library/Developer/CommandLineTools/Library/Frameworks/Python3.framework/Versions/3.9` does not match the project environment path `.venv` and will be ignored; use `--active` to target the active environment instead
현재 product_catalog: 0개
▶ normalized_key별 집계 중...
  고유 normalized_key: 64,327개
  이미 catalog에 있는 key: 0개 (SKIP)
  신규 INSERT 대상: 64,327개
▶ product_catalog INSERT 중...
Traceback (most recent call last):
  File "/Users/kim-usang/fashion-data-engine/.venv/lib/python3.12/site-packages/sqlalchemy/dialects/postgresql/asyncpg.py", line 578, in _executemany
    return await self._connection.executemany(
           ^^^^^^^^^^^^^^^^^^^^^^^^^^^^^^^^^^^
  File "/Users/kim-usang/fashion-data-engine/.venv/lib/python3.12/site-packages/asyncpg/connection.py", line 401, in executemany
    return await self._executemany(command, args, timeout)
           ^^^^^^^^^^^^^^^^^^^^^^^^^^^^^^^^^^^^^^^^^^^^^^^
  File "/Users/kim-usang/fashion-data-engine/.venv/lib/python3.12/site-packages/asyncpg/connection.py", line 1997, in _executemany
    result, _ = await self._do_execute(
                ^^^^^^^^^^^^^^^^^^^^^^^
  File "/Users/kim-usang/fashion-data-engine/.venv/lib/python3.12/site-packages/asyncpg/connection.py", line 2013, in _do_execute
    stmt = await self._get_statement(
           ^^^^^^^^^^^^^^^^^^^^^^^^^^
  File "/Users/kim-usang/fashion-data-engine/.venv/lib/python3.12/site-packages/asyncpg/connection.py", line 443, in _get_statement
    statement = await self._protocol.prepare(
                ^^^^^^^^^^^^^^^^^^^^^^^^^^^^^
  File "asyncpg/protocol/protocol.pyx", line 165, in prepare
asyncpg.exceptions.UndefinedColumnError: column "min_price" of relation "product_catalog" does not exist

The above exception was the direct cause of the following exception:

Traceback (most recent call last):
  File "/Users/kim-usang/fashion-data-engine/.venv/lib/python3.12/site-packages/sqlalchemy/engine/base.py", line 1936, in _exec_single_context
    self.dialect.do_executemany(
  File "/Users/kim-usang/fashion-data-engine/.venv/lib/python3.12/site-packages/sqlalchemy/engine/default.py", line 949, in do_executemany
    cursor.executemany(statement, parameters)
  File "/Users/kim-usang/fashion-data-engine/.venv/lib/python3.12/site-packages/sqlalchemy/dialects/postgresql/asyncpg.py", line 590, in executemany
    return self._adapt_connection.await_(
           ^^^^^^^^^^^^^^^^^^^^^^^^^^^^^^
  File "/Users/kim-usang/fashion-data-engine/.venv/lib/python3.12/site-packages/sqlalchemy/util/_concurrency_py3k.py", line 132, in await_only
    return current.parent.switch(awaitable)  # type: ignore[no-any-return,attr-defined] # noqa: E501
           ^^^^^^^^^^^^^^^^^^^^^^^^^^^^^^^^
  File "/Users/kim-usang/fashion-data-engine/.venv/lib/python3.12/site-packages/sqlalchemy/util/_concurrency_py3k.py", line 196, in greenlet_spawn
    value = await result
            ^^^^^^^^^^^^
  File "/Users/kim-usang/fashion-data-engine/.venv/lib/python3.12/site-packages/sqlalchemy/dialects/postgresql/asyncpg.py", line 582, in _executemany
    self._handle_exception(error)
  File "/Users/kim-usang/fashion-data-engine/.venv/lib/python3.12/site-packages/sqlalchemy/dialects/postgresql/asyncpg.py", line 513, in _handle_exception
    self._adapt_connection._handle_exception(error)
  File "/Users/kim-usang/fashion-data-engine/.venv/lib/python3.12/site-packages/sqlalchemy/dialects/postgresql/asyncpg.py", line 797, in _handle_exception
    raise translated_error from error
sqlalchemy.dialects.postgresql.asyncpg.AsyncAdapt_asyncpg_dbapi.ProgrammingError: <class 'asyncpg.exceptions.UndefinedColumnError'>: column "min_price" of relation "product_catalog" does not exist

The above exception was the direct cause of the following exception:

Traceback (most recent call last):
  File "/Users/kim-usang/fashion-data-engine/scripts/build_product_catalog.py", line 158, in <module>
    raise SystemExit(asyncio.run(run(apply=apply, batch_size=args.batch_size)))
                     ^^^^^^^^^^^^^^^^^^^^^^^^^^^^^^^^^^^^^^^^^^^^^^^^^^^^^^^^^
  File "/Users/kim-usang/.local/share/uv/python/cpython-3.12.12-macos-aarch64-none/lib/python3.12/asyncio/runners.py", line 195, in run
    return runner.run(main)
           ^^^^^^^^^^^^^^^^
  File "/Users/kim-usang/.local/share/uv/python/cpython-3.12.12-macos-aarch64-none/lib/python3.12/asyncio/runners.py", line 118, in run
    return self._loop.run_until_complete(task)
           ^^^^^^^^^^^^^^^^^^^^^^^^^^^^^^^^^^^
  File "/Users/kim-usang/.local/share/uv/python/cpython-3.12.12-macos-aarch64-none/lib/python3.12/asyncio/base_events.py", line 691, in run_until_complete
    return future.result()
           ^^^^^^^^^^^^^^^
  File "/Users/kim-usang/fashion-data-engine/scripts/build_product_catalog.py", line 120, in run
    await db.execute(
  File "/Users/kim-usang/fashion-data-engine/.venv/lib/python3.12/site-packages/sqlalchemy/ext/asyncio/session.py", line 449, in execute
    result = await greenlet_spawn(
             ^^^^^^^^^^^^^^^^^^^^^
  File "/Users/kim-usang/fashion-data-engine/.venv/lib/python3.12/site-packages/sqlalchemy/util/_concurrency_py3k.py", line 201, in greenlet_spawn
    result = context.throw(*sys.exc_info())
             ^^^^^^^^^^^^^^^^^^^^^^^^^^^^^^
  File "/Users/kim-usang/fashion-data-engine/.venv/lib/python3.12/site-packages/sqlalchemy/orm/session.py", line 2351, in execute
    return self._execute_internal(
           ^^^^^^^^^^^^^^^^^^^^^^^
  File "/Users/kim-usang/fashion-data-engine/.venv/lib/python3.12/site-packages/sqlalchemy/orm/session.py", line 2258, in _execute_internal
    result = conn.execute(
             ^^^^^^^^^^^^^
  File "/Users/kim-usang/fashion-data-engine/.venv/lib/python3.12/site-packages/sqlalchemy/engine/base.py", line 1419, in execute
    return meth(
           ^^^^^
  File "/Users/kim-usang/fashion-data-engine/.venv/lib/python3.12/site-packages/sqlalchemy/sql/elements.py", line 527, in _execute_on_connection
    return connection._execute_clauseelement(
           ^^^^^^^^^^^^^^^^^^^^^^^^^^^^^^^^^^
  File "/Users/kim-usang/fashion-data-engine/.venv/lib/python3.12/site-packages/sqlalchemy/engine/base.py", line 1641, in _execute_clauseelement
    ret = self._execute_context(
          ^^^^^^^^^^^^^^^^^^^^^^
  File "/Users/kim-usang/fashion-data-engine/.venv/lib/python3.12/site-packages/sqlalchemy/engine/base.py", line 1846, in _execute_context
    return self._exec_single_context(
           ^^^^^^^^^^^^^^^^^^^^^^^^^^
  File "/Users/kim-usang/fashion-data-engine/.venv/lib/python3.12/site-packages/sqlalchemy/engine/base.py", line 1986, in _exec_single_context
    self._handle_dbapi_exception(
  File "/Users/kim-usang/fashion-data-engine/.venv/lib/python3.12/site-packages/sqlalchemy/engine/base.py", line 2363, in _handle_dbapi_exception
    raise sqlalchemy_exception.with_traceback(exc_info[2]) from e
  File "/Users/kim-usang/fashion-data-engine/.venv/lib/python3.12/site-packages/sqlalchemy/engine/base.py", line 1936, in _exec_single_context
    self.dialect.do_executemany(
  File "/Users/kim-usang/fashion-data-engine/.venv/lib/python3.12/site-packages/sqlalchemy/engine/default.py", line 949, in do_executemany
    cursor.executemany(statement, parameters)
  File "/Users/kim-usang/fashion-data-engine/.venv/lib/python3.12/site-packages/sqlalchemy/dialects/postgresql/asyncpg.py", line 590, in executemany
    return self._adapt_connection.await_(
           ^^^^^^^^^^^^^^^^^^^^^^^^^^^^^^
  File "/Users/kim-usang/fashion-data-engine/.venv/lib/python3.12/site-packages/sqlalchemy/util/_concurrency_py3k.py", line 132, in await_only
    return current.parent.switch(awaitable)  # type: ignore[no-any-return,attr-defined] # noqa: E501
           ^^^^^^^^^^^^^^^^^^^^^^^^^^^^^^^^
  File "/Users/kim-usang/fashion-data-engine/.venv/lib/python3.12/site-packages/sqlalchemy/util/_concurrency_py3k.py", line 196, in greenlet_spawn
    value = await result
            ^^^^^^^^^^^^
  File "/Users/kim-usang/fashion-data-engine/.venv/lib/python3.12/site-packages/sqlalchemy/dialects/postgresql/asyncpg.py", line 582, in _executemany
    self._handle_exception(error)
  File "/Users/kim-usang/fashion-data-engine/.venv/lib/python3.12/site-packages/sqlalchemy/dialects/postgresql/asyncpg.py", line 513, in _handle_exception
    self._adapt_connection._handle_exception(error)
  File "/Users/kim-usang/fashion-data-engine/.venv/lib/python3.12/site-packages/sqlalchemy/dialects/postgresql/asyncpg.py", line 797, in _handle_exception
    raise translated_error from error
sqlalchemy.exc.ProgrammingError: (sqlalchemy.dialects.postgresql.asyncpg.ProgrammingError) <class 'asyncpg.exceptions.UndefinedColumnError'>: column "min_price" of relation "product_catalog" does not exist
[SQL: 
                    INSERT INTO product_catalog
                        (normalized_key, canonical_name, brand_id, gender, subcategory,
                         listing_count, min_price, max_price, is_sale_anywhere,
                         first_seen_at, updated_at)
                    VALUES
                        ($1, $2, $3, $4, $5,
                         $6, $7, $8, $9,
                         $10, NOW())
                    ON CONFLICT (normalized_key) DO UPDATE SET
                        canonical_name = EXCLUDED.canonical_name,
                        listing_count  = EXCLUDED.listing_count,
                        min_price  = EXCLUDED.min_price,
                        max_price  = EXCLUDED.max_price,
                        is_sale_anywhere = EXCLUDED.is_sale_anywhere,
                        updated_at     = NOW()
                ]
[parameters: [('032c:032c-classic-bomber-jacket', '032C CLASSIC BOMBER JACKET', 102, 'unisex', 'outer', 1, 62700, 62700, True, datetime.datetime(2026, 2, 26, 13, 18, 0, 626148)), ('032c:032c-classics-cap', '"032c CLASSICS" CAP', 102, 'unisex', 'cap', 1, 101180, 101180, False, datetime.datetime(2026, 2, 26, 13, 18, 56, 102487)), ('032c:032c-classics-hoodie', '"032c CLASSICS" HOODIE', 102, 'unisex', 'top', 1, 295110, 295110, False, datetime.datetime(2026, 2, 26, 13, 18, 55, 973749)), ('032c:032c-classics-longsleeve', '"032c CLASSICS" LONGSLEEVE', 102, 'unisex', None, 1, 134907, 134907, False, datetime.datetime(2026, 2, 26, 13, 18, 55, 882284)), ('032c:032c-classics-t-shirt', '"032c CLASSICS" T-SHIRT', 102, 'unisex', 'top', 1, 109612, 109612, False, datetime.datetime(2026, 2, 26, 13, 18, 55, 972714)), ('032c:032c-issue-48-blackhaine', '032c issue #48 "Blackhaine"', 102, 'unisex', None, 1, 42159, 42159, False, datetime.datetime(2026, 2, 26, 13, 17, 25, 260494)), ('032c:032c-issue-48-deftones', '032c issue #48 "Deftones"', 102, 'unisex', None, 1, 42159, 42159, False, datetime.datetime(2026, 2, 26, 13, 17, 25, 259508)), ('032c:032c-issue-48-nin', '032c issue #48 "Nin"', 102, 'unisex', None, 1, 42159, 42159, False, datetime.datetime(2026, 2, 26, 13, 17, 25, 261452))  ... displaying 10 of 1000 total bound parameter sets ...  ('2025ss:big-polo-shirts', 'BIG POLO SHIRTS', None, 'unisex', 'top', 1, 170869, 170869, False, datetime.datetime(2026, 2, 26, 13, 22, 24, 553067)), ('2025ss:cube-chain-bracelet', 'CUBE CHAIN BRACELET', None, 'unisex', 'accessory', 1, 211074, 211074, False, datetime.datetime(2026, 2, 26, 13, 22, 24, 735233))]]
(Background on this error at: https://sqlalche.me/e/20/f405)
