warning: The `tool.uv.dev-dependencies` field (used in `pyproject.toml`) is deprecated and will be removed in a future release; use `dependency-groups.dev` instead
warning: `VIRTUAL_ENV=/Library/Developer/CommandLineTools/Library/Frameworks/Python3.framework/Versions/3.9` does not match the project environment path `.venv` and will be ignored; use `--active` to target the active environment instead
Fashion Data Engine — 제품 가격 크롤링

Discord 알림 활성화
대상 채널: 157개

크롤링: https://www.ka-yo.com
크롤링: https://www.thegreatalfred.com
크롤링: https://www.meclads.com
크롤링: https://www.openershop.co.kr
크롤링: https://www.empty.seoul.kr
크롤링: https://www.addictedseoul.com
크롤링: https://www.plus81.id
크롤링: https://www.aliveform.bio
크롤링: https://www.8division.com
크롤링: https://kr.patta.nl
크롤링: https://www.birthoftheteenager.com
크롤링: https://store.jb-voice.co.jp
크롤링: https://www.acrmtsm.jp
크롤링: https://www.goldwin-global.com
크롤링: https://store.digawel.com
